BreonTelematics_090124/breon-app/app/build/intermediates/manifest_merge_blame_file/debug/manifest-merger-blame-debug-report.txt
1<?xml version="1.0" encoding="utf-8"?>
2<manifest xmlns:android="http://schemas.android.com/apk/res/android"
3    package="breon.telematics.loneworkersafetyapp.android"
4    android:versionCode="17"
5    android:versionName="1.45" >
6
7    <uses-sdk
8        android:minSdkVersion="26"
9        android:targetSdkVersion="34" />
10
11    <uses-permission android:name="android.permission.INTERNET" />
11-->src/main/AndroidManifest.xml:5:5-67
11-->src/main/AndroidManifest.xml:5:22-64
12    <uses-permission android:name="android.permission.ACCESS_NETWORK_STATE" />
12-->src/main/AndroidManifest.xml:6:5-79
12-->src/main/AndroidManifest.xml:6:22-76
13    <uses-permission android:name="android.permission.ACCESS_FINE_LOCATION" />
13-->src/main/AndroidManifest.xml:7:5-79
13-->src/main/AndroidManifest.xml:7:22-76
14    <uses-permission android:name="android.permission.ACCESS_COARSE_LOCATION" />
14-->src/main/AndroidManifest.xml:8:5-81
14-->src/main/AndroidManifest.xml:8:22-78
15    <uses-permission android:name="android.permission.FOREGROUND_SERVICE" />
15-->src/main/AndroidManifest.xml:9:5-77
15-->src/main/AndroidManifest.xml:9:22-74
16    <uses-permission android:name="android.permission.FOREGROUND_SERVICE_LOCATION" />
16-->src/main/AndroidManifest.xml:10:5-86
16-->src/main/AndroidManifest.xml:10:22-83
17    <uses-permission android:name="android.permission.POST_NOTIFICATIONS" /> <!-- The following permission is necessary for Garmin devices to work with the SDK -->
17-->src/main/AndroidManifest.xml:11:5-77
17-->src/main/AndroidManifest.xml:11:22-74
18    <permission
19        android:name="breon.telematics.loneworkersafetyapp.android.permission.RECEIVE_BROADCASTS"
19-->src/main/AndroidManifest.xml:13:9-70
20        android:protectionLevel="signature" />
20-->src/main/AndroidManifest.xml:14:9-44
21
22    <uses-permission android:name="breon.telematics.loneworkersafetyapp.android.permission.RECEIVE_BROADCASTS" /> <!-- Required for Bluetooth scanning on API >= 31 -->
22-->src/main/AndroidManifest.xml:16:22-83
23    <uses-permission
23-->src/main/AndroidManifest.xml:17:5-20:32
24        android:name="android.permission.BLUETOOTH_SCAN"
24-->src/main/AndroidManifest.xml:18:9-57
25        android:usesPermissionFlags="neverForLocation" />
25-->src/main/AndroidManifest.xml:19:9-55
26
27    <uses-feature
27-->src/main/AndroidManifest.xml:22:5-24:35
28        android:name="android.hardware.bluetooth_le"
28-->src/main/AndroidManifest.xml:23:9-53
29        android:required="true" />
29-->src/main/AndroidManifest.xml:24:9-32
30
31    <uses-permission android:name="android.permission.WAKE_LOCK" /> <!-- Required by older versions of Google Play services to create IID tokens -->
31-->[com.google.firebase:firebase-messaging:24.0.0] AndroidManifest.xml:24:5-68
31-->[com.google.firebase:firebase-messaging:24.0.0] AndroidManifest.xml:24:22-65
32    <uses-permission android:name="com.google.android.c2dm.permission.RECEIVE" />
32-->[com.google.firebase:firebase-messaging:24.0.0] AndroidManifest.xml:26:5-82
32-->[com.google.firebase:firebase-messaging:24.0.0] AndroidManifest.xml:26:22-79
33    <uses-permission android:name="com.google.android.finsky.permission.BIND_GET_INSTALL_REFERRER_SERVICE" />
33-->[com.google.android.gms:play-services-measurement:22.0.2] AndroidManifest.xml:26:5-110
33-->[com.google.android.gms:play-services-measurement:22.0.2] AndroidManifest.xml:26:22-107
34    <uses-permission android:name="com.google.android.gms.permission.AD_ID" />
34-->[com.google.android.gms:play-services-measurement-api:22.0.2] AndroidManifest.xml:25:5-79
34-->[com.google.android.gms:play-services-measurement-api:22.0.2] AndroidManifest.xml:25:22-76
35    <uses-permission android:name="android.permission.ACCESS_ADSERVICES_ATTRIBUTION" />
35-->[com.google.android.gms:play-services-measurement-api:22.0.2] AndroidManifest.xml:26:5-88
35-->[com.google.android.gms:play-services-measurement-api:22.0.2] AndroidManifest.xml:26:22-85
36    <uses-permission android:name="android.permission.ACCESS_ADSERVICES_AD_ID" />
36-->[com.google.android.gms:play-services-measurement-api:22.0.2] AndroidManifest.xml:27:5-82
36-->[com.google.android.gms:play-services-measurement-api:22.0.2] AndroidManifest.xml:27:22-79
37
38    <permission
38-->[androidx.core:core:1.12.0] AndroidManifest.xml:22:5-24:47
39        android:name="breon.telematics.loneworkersafetyapp.android.DYNAMIC_RECEIVER_NOT_EXPORTED_PERMISSION"
39-->[androidx.core:core:1.12.0] AndroidManifest.xml:23:9-81
40        android:protectionLevel="signature" />
40-->[androidx.core:core:1.12.0] AndroidManifest.xml:24:9-44
41
42    <uses-permission android:name="breon.telematics.loneworkersafetyapp.android.DYNAMIC_RECEIVER_NOT_EXPORTED_PERMISSION" />
42-->[androidx.core:core:1.12.0] AndroidManifest.xml:26:5-97
42-->[androidx.core:core:1.12.0] AndroidManifest.xml:26:22-94
43
44    <application
44-->src/main/AndroidManifest.xml:26:5-123:19
45        android:name="breon.telematics.loneworkersafetyapp.android.app.MyApplication"
45-->src/main/AndroidManifest.xml:27:9-42
46        android:allowBackup="false"
46-->src/main/AndroidManifest.xml:28:9-36
47        android:appComponentFactory="androidx.core.app.CoreComponentFactory"
47-->[androidx.core:core:1.12.0] AndroidManifest.xml:28:18-86
48        android:dataExtractionRules="@xml/data_extraction_rules"
48-->src/main/AndroidManifest.xml:29:9-65
49        android:debuggable="true"
50        android:enableOnBackInvokedCallback="true"
50-->src/main/AndroidManifest.xml:30:9-51
51        android:extractNativeLibs="false"
52        android:fullBackupContent="@xml/backup_rules"
52-->src/main/AndroidManifest.xml:31:9-54
53        android:icon="@mipmap/ic_globe_app_icon"
53-->src/main/AndroidManifest.xml:32:9-49
54        android:label="@string/app_name"
54-->src/main/AndroidManifest.xml:33:9-41
55        android:networkSecurityConfig="@xml/network_security_config"
55-->src/main/AndroidManifest.xml:34:9-69
56        android:roundIcon="@mipmap/ic_globe_app_icon_round"
56-->src/main/AndroidManifest.xml:35:9-60
57        android:supportsRtl="true"
57-->src/main/AndroidManifest.xml:36:9-35
58        android:theme="@style/Theme.BreonTelematics" >
58-->src/main/AndroidManifest.xml:37:9-53
59        <activity
59-->src/main/AndroidManifest.xml:39:9-42:60
60            android:name="breon.telematics.loneworkersafetyapp.android.ui.main.take2form.Take2FormActivity"
60-->src/main/AndroidManifest.xml:40:13-64
61            android:exported="false"
61-->src/main/AndroidManifest.xml:41:13-37
62            android:theme="@style/Theme.BreonTelematics" />
62-->src/main/AndroidManifest.xml:42:13-57
63        <activity
63-->src/main/AndroidManifest.xml:43:9-52:20
64            android:name="breon.telematics.loneworkersafetyapp.android.ui.login.LoginActivity"
64-->src/main/AndroidManifest.xml:44:13-51
65            android:exported="true"
65-->src/main/AndroidManifest.xml:45:13-36
66            android:windowSoftInputMode="adjustPan" >
66-->src/main/AndroidManifest.xml:46:13-52
67            <intent-filter>
67-->src/main/AndroidManifest.xml:47:13-51:29
68                <action android:name="android.intent.action.MAIN" />
68-->src/main/AndroidManifest.xml:48:17-69
68-->src/main/AndroidManifest.xml:48:25-66
69
70                <category android:name="android.intent.category.LAUNCHER" />
70-->src/main/AndroidManifest.xml:50:17-77
70-->src/main/AndroidManifest.xml:50:27-74
71            </intent-filter>
72        </activity>
73        <activity
73-->src/main/AndroidManifest.xml:53:9-56:20
74            android:name="breon.telematics.loneworkersafetyapp.android.ui.main.activity.UserPermissionActivity"
74-->src/main/AndroidManifest.xml:54:13-68
75            android:exported="false" >
75-->src/main/AndroidManifest.xml:55:13-37
76        </activity>
77        <activity
77-->src/main/AndroidManifest.xml:57:9-61:72
78            android:name="breon.telematics.loneworkersafetyapp.android.ui.main.activity.MyDashboardActivity"
78-->src/main/AndroidManifest.xml:58:13-65
79            android:exported="false"
79-->src/main/AndroidManifest.xml:59:13-37
80            android:label="@string/title_activity_my_dashboard"
80-->src/main/AndroidManifest.xml:60:13-64
81            android:theme="@style/Theme.BreonTelematics.NoActionBar" /> <!-- android:foregroundServiceType="location" -->
81-->src/main/AndroidManifest.xml:61:13-69
82        <service
82-->src/main/AndroidManifest.xml:62:9-66:43
83            android:name="breon.telematics.loneworkersafetyapp.android.app.service.BackgroundLocationService"
83-->src/main/AndroidManifest.xml:63:13-66
84            android:exported="false"
84-->src/main/AndroidManifest.xml:64:13-37
85            android:foregroundServiceType="location"
85-->src/main/AndroidManifest.xml:65:13-53
86            android:stopWithTask="true" />
86-->src/main/AndroidManifest.xml:66:13-40
87        <service android:name="breon.telematics.loneworkersafetyapp.android.app.service.CountDownTimerService" /> <!-- Required: set your sentry.io project identifier (DSN) -->
87-->src/main/AndroidManifest.xml:67:9-70
87-->src/main/AndroidManifest.xml:67:18-67
88        <meta-data
88-->src/main/AndroidManifest.xml:68:9-70:127
89            android:name="io.sentry.dsn"
89-->src/main/AndroidManifest.xml:69:13-41
90            android:value="https://e3379c4b0998ca440b2cf30f339b1acd@o4505350582239232.ingest.us.sentry.io/4507071193939968" /> <!-- enable automatic breadcrumbs for user interactions (clicks, swipes, scrolls) -->
90-->src/main/AndroidManifest.xml:70:13-124
91        <meta-data
91-->src/main/AndroidManifest.xml:71:9-73:36
92            android:name="io.sentry.traces.user-interaction.enable"
92-->src/main/AndroidManifest.xml:72:13-68
93            android:value="true" /> <!-- enable screenshot for crashes -->
93-->src/main/AndroidManifest.xml:73:13-33
94        <meta-data
94-->src/main/AndroidManifest.xml:74:9-76:36
95            android:name="io.sentry.attach-screenshot"
95-->src/main/AndroidManifest.xml:75:13-55
96            android:value="true" /> <!-- enable view hierarchy for crashes -->
96-->src/main/AndroidManifest.xml:76:13-33
97        <meta-data
97-->src/main/AndroidManifest.xml:77:9-79:36
98            android:name="io.sentry.attach-view-hierarchy"
98-->src/main/AndroidManifest.xml:78:13-59
99            android:value="true" /> <!-- enable the performance API by setting a sample-rate, adjust in production env -->
99-->src/main/AndroidManifest.xml:79:13-33
100        <meta-data
100-->src/main/AndroidManifest.xml:80:9-82:35
101            android:name="io.sentry.traces.sample-rate"
101-->src/main/AndroidManifest.xml:81:13-56
102            android:value="1.0" /> <!-- enable profiling when starting transactions, adjust in production env -->
102-->src/main/AndroidManifest.xml:82:13-32
103        <meta-data
103-->src/main/AndroidManifest.xml:83:9-85:35
104            android:name="io.sentry.traces.profiling.sample-rate"
104-->src/main/AndroidManifest.xml:84:13-66
105            android:value="1.0" />
105-->src/main/AndroidManifest.xml:85:13-32
106
107        <provider
108            android:name="androidx.core.content.FileProvider"
108-->src/main/AndroidManifest.xml:88:13-62
109            android:authorities="breon.telematics.loneworkersafetyapp.android.file_provider"
109-->src/main/AndroidManifest.xml:89:13-65
110            android:exported="false"
110-->src/main/AndroidManifest.xml:90:13-37
111            android:grantUriPermissions="true" >
111-->src/main/AndroidManifest.xml:91:13-47
112            <meta-data
112-->src/main/AndroidManifest.xml:93:13-96:52
113                android:name="android.support.FILE_PROVIDER_PATHS"
113-->src/main/AndroidManifest.xml:94:17-67
114                android:resource="@xml/file_provider_paths" />
114-->src/main/AndroidManifest.xml:95:17-60
115        </provider>
116
117        <service
117-->src/main/AndroidManifest.xml:99:9-105:19
118            android:name="breon.telematics.loneworkersafetyapp.android.app.service.PushNotificationService"
118-->src/main/AndroidManifest.xml:100:13-64
119            android:exported="false" >
119-->src/main/AndroidManifest.xml:101:13-37
120            <intent-filter>
120-->src/main/AndroidManifest.xml:102:13-104:29
121                <action android:name="com.google.firebase.MESSAGING_EVENT" />
121-->src/main/AndroidManifest.xml:103:17-78
121-->src/main/AndroidManifest.xml:103:25-75
122            </intent-filter>
123        </service>
124        <!--
125 Set custom default icon. This is used when no icon is set for incoming notification messages.
126     See README(https://goo.gl/l4GJaQ) for more.
127        -->
128        <meta-data
128-->src/main/AndroidManifest.xml:110:9-112:60
129            android:name="com.google.firebase.messaging.default_notification_icon"
129-->src/main/AndroidManifest.xml:111:13-83
130            android:resource="@mipmap/ic_globe_app_icon" />
130-->src/main/AndroidManifest.xml:112:13-57
131        <!--
132 Set color used with incoming notification messages. This is used when no color is set for the incoming
133             notification message. See README(https://goo.gl/6BKBk7) for more.
134        -->
135        <meta-data
135-->src/main/AndroidManifest.xml:117:9-119:61
136            android:name="com.google.firebase.messaging.default_notification_color"
136-->src/main/AndroidManifest.xml:118:13-84
137            android:resource="@color/colorPrimaryVariant" />
137-->src/main/AndroidManifest.xml:119:13-58
138        <meta-data
138-->src/main/AndroidManifest.xml:120:9-122:71
139            android:name="com.google.firebase.messaging.default_notification_channel_id"
139-->src/main/AndroidManifest.xml:121:13-89
140            android:value="@string/default_notification_channel_id" />
140-->src/main/AndroidManifest.xml:122:13-68
141
142        <service
142-->[com.google.firebase:firebase-messaging-ktx:24.0.0] AndroidManifest.xml:23:9-29:19
143            android:name="com.google.firebase.components.ComponentDiscoveryService"
143-->[com.google.firebase:firebase-messaging-ktx:24.0.0] AndroidManifest.xml:24:13-84
144            android:directBootAware="true"
144-->[com.google.firebase:firebase-common:21.0.0] AndroidManifest.xml:32:13-43
145            android:exported="false" >
145-->[com.google.firebase:firebase-messaging-ktx:24.0.0] AndroidManifest.xml:25:13-37
146            <meta-data
146-->[com.google.firebase:firebase-messaging-ktx:24.0.0] AndroidManifest.xml:26:13-28:85
147                android:name="com.google.firebase.components:com.google.firebase.messaging.ktx.FirebaseMessagingLegacyRegistrar"
147-->[com.google.firebase:firebase-messaging-ktx:24.0.0] AndroidManifest.xml:27:17-129
148                android:value="com.google.firebase.components.ComponentRegistrar" />
148-->[com.google.firebase:firebase-messaging-ktx:24.0.0] AndroidManifest.xml:28:17-82
149            <meta-data
149-->[com.google.firebase:firebase-messaging:24.0.0] AndroidManifest.xml:57:13-59:85
150                android:name="com.google.firebase.components:com.google.firebase.messaging.FirebaseMessagingKtxRegistrar"
150-->[com.google.firebase:firebase-messaging:24.0.0] AndroidManifest.xml:58:17-122
151                android:value="com.google.firebase.components.ComponentRegistrar" />
151-->[com.google.firebase:firebase-messaging:24.0.0] AndroidManifest.xml:59:17-82
152            <meta-data
152-->[com.google.firebase:firebase-messaging:24.0.0] AndroidManifest.xml:60:13-62:85
153                android:name="com.google.firebase.components:com.google.firebase.messaging.FirebaseMessagingRegistrar"
153-->[com.google.firebase:firebase-messaging:24.0.0] AndroidManifest.xml:61:17-119
154                android:value="com.google.firebase.components.ComponentRegistrar" />
154-->[com.google.firebase:firebase-messaging:24.0.0] AndroidManifest.xml:62:17-82
155            <meta-data
155-->[com.google.android.gms:play-services-measurement-api:22.0.2] AndroidManifest.xml:37:13-39:85
156                android:name="com.google.firebase.components:com.google.firebase.analytics.connector.internal.AnalyticsConnectorRegistrar"
156-->[com.google.android.gms:play-services-measurement-api:22.0.2] AndroidManifest.xml:38:17-139
157                android:value="com.google.firebase.components.ComponentRegistrar" />
157-->[com.google.android.gms:play-services-measurement-api:22.0.2] AndroidManifest.xml:39:17-82
158            <meta-data
158-->[com.google.firebase:firebase-crashlytics:19.0.2] AndroidManifest.xml:15:13-17:85
159                android:name="com.google.firebase.components:com.google.firebase.crashlytics.FirebaseCrashlyticsKtxRegistrar"
159-->[com.google.firebase:firebase-crashlytics:19.0.2] AndroidManifest.xml:16:17-126
160                android:value="com.google.firebase.components.ComponentRegistrar" />
160-->[com.google.firebase:firebase-crashlytics:19.0.2] AndroidManifest.xml:17:17-82
161            <meta-data
161-->[com.google.firebase:firebase-crashlytics:19.0.2] AndroidManifest.xml:18:13-20:85
162                android:name="com.google.firebase.components:com.google.firebase.crashlytics.CrashlyticsRegistrar"
162-->[com.google.firebase:firebase-crashlytics:19.0.2] AndroidManifest.xml:19:17-115
163                android:value="com.google.firebase.components.ComponentRegistrar" />
163-->[com.google.firebase:firebase-crashlytics:19.0.2] AndroidManifest.xml:20:17-82
164            <meta-data
164-->[com.google.firebase:firebase-sessions:2.0.2] AndroidManifest.xml:29:13-31:85
165                android:name="com.google.firebase.components:com.google.firebase.sessions.FirebaseSessionsRegistrar"
165-->[com.google.firebase:firebase-sessions:2.0.2] AndroidManifest.xml:30:17-117
166                android:value="com.google.firebase.components.ComponentRegistrar" />
166-->[com.google.firebase:firebase-sessions:2.0.2] AndroidManifest.xml:31:17-82
167            <meta-data
167-->[com.google.firebase:firebase-installations:18.0.0] AndroidManifest.xml:15:13-17:85
168                android:name="com.google.firebase.components:com.google.firebase.installations.FirebaseInstallationsKtxRegistrar"
168-->[com.google.firebase:firebase-installations:18.0.0] AndroidManifest.xml:16:17-130
169                android:value="com.google.firebase.components.ComponentRegistrar" />
169-->[com.google.firebase:firebase-installations:18.0.0] AndroidManifest.xml:17:17-82
170            <meta-data
170-->[com.google.firebase:firebase-installations:18.0.0] AndroidManifest.xml:18:13-20:85
171                android:name="com.google.firebase.components:com.google.firebase.installations.FirebaseInstallationsRegistrar"
171-->[com.google.firebase:firebase-installations:18.0.0] AndroidManifest.xml:19:17-127
172                android:value="com.google.firebase.components.ComponentRegistrar" />
172-->[com.google.firebase:firebase-installations:18.0.0] AndroidManifest.xml:20:17-82
173            <meta-data
173-->[com.google.firebase:firebase-common-ktx:21.0.0] AndroidManifest.xml:12:13-14:85
174                android:name="com.google.firebase.components:com.google.firebase.ktx.FirebaseCommonLegacyRegistrar"
174-->[com.google.firebase:firebase-common-ktx:21.0.0] AndroidManifest.xml:13:17-116
175                android:value="com.google.firebase.components.ComponentRegistrar" />
175-->[com.google.firebase:firebase-common-ktx:21.0.0] AndroidManifest.xml:14:17-82
176            <meta-data
176-->[com.google.firebase:firebase-common:21.0.0] AndroidManifest.xml:35:13-37:85
177                android:name="com.google.firebase.components:com.google.firebase.FirebaseCommonKtxRegistrar"
177-->[com.google.firebase:firebase-common:21.0.0] AndroidManifest.xml:36:17-109
178                android:value="com.google.firebase.components.ComponentRegistrar" />
178-->[com.google.firebase:firebase-common:21.0.0] AndroidManifest.xml:37:17-82
179            <meta-data
179-->[com.google.firebase:firebase-datatransport:18.2.0] AndroidManifest.xml:25:13-27:85
180                android:name="com.google.firebase.components:com.google.firebase.datatransport.TransportRegistrar"
180-->[com.google.firebase:firebase-datatransport:18.2.0] AndroidManifest.xml:26:17-115
181                android:value="com.google.firebase.components.ComponentRegistrar" />
181-->[com.google.firebase:firebase-datatransport:18.2.0] AndroidManifest.xml:27:17-82
182        </service>
183
184        <receiver
184-->[com.google.firebase:firebase-messaging:24.0.0] AndroidManifest.xml:29:9-40:20
185            android:name="com.google.firebase.iid.FirebaseInstanceIdReceiver"
185-->[com.google.firebase:firebase-messaging:24.0.0] AndroidManifest.xml:30:13-78
186            android:exported="true"
186-->[com.google.firebase:firebase-messaging:24.0.0] AndroidManifest.xml:31:13-36
187            android:permission="com.google.android.c2dm.permission.SEND" >
187-->[com.google.firebase:firebase-messaging:24.0.0] AndroidManifest.xml:32:13-73
188            <intent-filter>
188-->[com.google.firebase:firebase-messaging:24.0.0] AndroidManifest.xml:33:13-35:29
189                <action android:name="com.google.android.c2dm.intent.RECEIVE" />
189-->[com.google.firebase:firebase-messaging:24.0.0] AndroidManifest.xml:34:17-81
189-->[com.google.firebase:firebase-messaging:24.0.0] AndroidManifest.xml:34:25-78
190            </intent-filter>
191
192            <meta-data
192-->[com.google.firebase:firebase-messaging:24.0.0] AndroidManifest.xml:37:13-39:40
193                android:name="com.google.android.gms.cloudmessaging.FINISHED_AFTER_HANDLED"
193-->[com.google.firebase:firebase-messaging:24.0.0] AndroidManifest.xml:38:17-92
194                android:value="true" />
194-->[com.google.firebase:firebase-messaging:24.0.0] AndroidManifest.xml:39:17-37
195        </receiver>
196        <!--
197             FirebaseMessagingService performs security checks at runtime,
198             but set to not exported to explicitly avoid allowing another app to call it.
199        -->
200        <service
200-->[com.google.firebase:firebase-messaging:24.0.0] AndroidManifest.xml:46:9-53:19
201            android:name="com.google.firebase.messaging.FirebaseMessagingService"
201-->[com.google.firebase:firebase-messaging:24.0.0] AndroidManifest.xml:47:13-82
202            android:directBootAware="true"
202-->[com.google.firebase:firebase-messaging:24.0.0] AndroidManifest.xml:48:13-43
203            android:exported="false" >
203-->[com.google.firebase:firebase-messaging:24.0.0] AndroidManifest.xml:49:13-37
204            <intent-filter android:priority="-500" >
204-->src/main/AndroidManifest.xml:102:13-104:29
205                <action android:name="com.google.firebase.MESSAGING_EVENT" />
205-->src/main/AndroidManifest.xml:103:17-78
205-->src/main/AndroidManifest.xml:103:25-75
206            </intent-filter>
207        </service>
208
209        <activity
209-->[com.google.android.gms:play-services-base:18.0.1] AndroidManifest.xml:20:9-22:45
210            android:name="com.google.android.gms.common.api.GoogleApiActivity"
210-->[com.google.android.gms:play-services-base:18.0.1] AndroidManifest.xml:20:19-85
211            android:exported="false"
211-->[com.google.android.gms:play-services-base:18.0.1] AndroidManifest.xml:22:19-43
212            android:theme="@android:style/Theme.Translucent.NoTitleBar" />
212-->[com.google.android.gms:play-services-base:18.0.1] AndroidManifest.xml:21:19-78
213
214        <receiver
214-->[com.google.android.gms:play-services-measurement:22.0.2] AndroidManifest.xml:29:9-33:20
215            android:name="com.google.android.gms.measurement.AppMeasurementReceiver"
215-->[com.google.android.gms:play-services-measurement:22.0.2] AndroidManifest.xml:30:13-85
216            android:enabled="true"
216-->[com.google.android.gms:play-services-measurement:22.0.2] AndroidManifest.xml:31:13-35
217            android:exported="false" >
217-->[com.google.android.gms:play-services-measurement:22.0.2] AndroidManifest.xml:32:13-37
218        </receiver>
219
220        <service
220-->[com.google.android.gms:play-services-measurement:22.0.2] AndroidManifest.xml:35:9-38:40
221            android:name="com.google.android.gms.measurement.AppMeasurementService"
221-->[com.google.android.gms:play-services-measurement:22.0.2] AndroidManifest.xml:36:13-84
222            android:enabled="true"
222-->[com.google.android.gms:play-services-measurement:22.0.2] AndroidManifest.xml:37:13-35
223            android:exported="false" />
223-->[com.google.android.gms:play-services-measurement:22.0.2] AndroidManifest.xml:38:13-37
224        <service
224-->[com.google.android.gms:play-services-measurement:22.0.2] AndroidManifest.xml:39:9-43:72
225            android:name="com.google.android.gms.measurement.AppMeasurementJobService"
225-->[com.google.android.gms:play-services-measurement:22.0.2] AndroidManifest.xml:40:13-87
226            android:enabled="true"
226-->[com.google.android.gms:play-services-measurement:22.0.2] AndroidManifest.xml:41:13-35
227            android:exported="false"
227-->[com.google.android.gms:play-services-measurement:22.0.2] AndroidManifest.xml:42:13-37
228            android:permission="android.permission.BIND_JOB_SERVICE" />
228-->[com.google.android.gms:play-services-measurement:22.0.2] AndroidManifest.xml:43:13-69
229
230        <property
230-->[com.google.android.gms:play-services-measurement-api:22.0.2] AndroidManifest.xml:30:9-32:61
231            android:name="android.adservices.AD_SERVICES_CONFIG"
231-->[com.google.android.gms:play-services-measurement-api:22.0.2] AndroidManifest.xml:31:13-65
232            android:resource="@xml/ga_ad_services_config" />
232-->[com.google.android.gms:play-services-measurement-api:22.0.2] AndroidManifest.xml:32:13-58
233
234        <service
234-->[com.google.firebase:firebase-sessions:2.0.2] AndroidManifest.xml:22:9-25:40
235            android:name="com.google.firebase.sessions.SessionLifecycleService"
235-->[com.google.firebase:firebase-sessions:2.0.2] AndroidManifest.xml:23:13-80
236            android:enabled="true"
236-->[com.google.firebase:firebase-sessions:2.0.2] AndroidManifest.xml:24:13-35
237            android:exported="false" />
237-->[com.google.firebase:firebase-sessions:2.0.2] AndroidManifest.xml:25:13-37
238
239        <provider
239-->[com.google.firebase:firebase-common:21.0.0] AndroidManifest.xml:23:9-28:39
240            android:name="com.google.firebase.provider.FirebaseInitProvider"
240-->[com.google.firebase:firebase-common:21.0.0] AndroidManifest.xml:24:13-77
241            android:authorities="breon.telematics.loneworkersafetyapp.android.firebaseinitprovider"
241-->[com.google.firebase:firebase-common:21.0.0] AndroidManifest.xml:25:13-72
242            android:directBootAware="true"
242-->[com.google.firebase:firebase-common:21.0.0] AndroidManifest.xml:26:13-43
243            android:exported="false"
243-->[com.google.firebase:firebase-common:21.0.0] AndroidManifest.xml:27:13-37
244            android:initOrder="100" />
244-->[com.google.firebase:firebase-common:21.0.0] AndroidManifest.xml:28:13-36
245        <provider
245-->[androidx.emoji2:emoji2:1.2.0] AndroidManifest.xml:24:9-32:20
246            android:name="androidx.startup.InitializationProvider"
246-->[androidx.emoji2:emoji2:1.2.0] AndroidManifest.xml:25:13-67
247            android:authorities="breon.telematics.loneworkersafetyapp.android.androidx-startup"
247-->[androidx.emoji2:emoji2:1.2.0] AndroidManifest.xml:26:13-68
248            android:exported="false" >
248-->[androidx.emoji2:emoji2:1.2.0] AndroidManifest.xml:27:13-37
249            <meta-data
249-->[androidx.emoji2:emoji2:1.2.0] AndroidManifest.xml:29:13-31:52
250                android:name="androidx.emoji2.text.EmojiCompatInitializer"
250-->[androidx.emoji2:emoji2:1.2.0] AndroidManifest.xml:30:17-75
251                android:value="androidx.startup" />
251-->[androidx.emoji2:emoji2:1.2.0] AndroidManifest.xml:31:17-49
252            <meta-data
252-->[androidx.lifecycle:lifecycle-process:2.7.0] AndroidManifest.xml:29:13-31:52
253                android:name="androidx.lifecycle.ProcessLifecycleInitializer"
253-->[androidx.lifecycle:lifecycle-process:2.7.0] AndroidManifest.xml:30:17-78
254                android:value="androidx.startup" />
254-->[androidx.lifecycle:lifecycle-process:2.7.0] AndroidManifest.xml:31:17-49
255            <meta-data
255-->[androidx.profileinstaller:profileinstaller:1.3.0] AndroidManifest.xml:29:13-31:52
256                android:name="androidx.profileinstaller.ProfileInstallerInitializer"
256-->[androidx.profileinstaller:profileinstaller:1.3.0] AndroidManifest.xml:30:17-85
257                android:value="androidx.startup" />
257-->[androidx.profileinstaller:profileinstaller:1.3.0] AndroidManifest.xml:31:17-49
258        </provider> <!-- 'android:authorities' must be unique in the device, across all apps -->
259        <provider
259-->[io.sentry:sentry-android-core:7.6.0] AndroidManifest.xml:12:9-15:40
260            android:name="io.sentry.android.core.SentryInitProvider"
260-->[io.sentry:sentry-android-core:7.6.0] AndroidManifest.xml:13:13-69
261            android:authorities="breon.telematics.loneworkersafetyapp.android.SentryInitProvider"
261-->[io.sentry:sentry-android-core:7.6.0] AndroidManifest.xml:14:13-70
262            android:exported="false" />
262-->[io.sentry:sentry-android-core:7.6.0] AndroidManifest.xml:15:13-37
263        <provider
263-->[io.sentry:sentry-android-core:7.6.0] AndroidManifest.xml:16:9-20:39
264            android:name="io.sentry.android.core.SentryPerformanceProvider"
264-->[io.sentry:sentry-android-core:7.6.0] AndroidManifest.xml:17:13-76
265            android:authorities="breon.telematics.loneworkersafetyapp.android.SentryPerformanceProvider"
265-->[io.sentry:sentry-android-core:7.6.0] AndroidManifest.xml:18:13-77
266            android:exported="false"
266-->[io.sentry:sentry-android-core:7.6.0] AndroidManifest.xml:19:13-37
267            android:initOrder="200" />